  CloudGen.cpp
C:\Users\KGA\source\repos\Timber\SFML Template\CloudGen.cpp(38,45): warning C4244: '인수': 'int'에서 'float'(으)로 변환하면서 데이터가 손실될 수 있습니다.
C:\Users\KGA\source\repos\Timber\SFML Template\CloudGen.cpp(52,36): warning C4244: '=': 'int'에서 '_Ty'(으)로 변환하면서 데이터가 손실될 수 있습니다.
C:\Users\KGA\source\repos\Timber\SFML Template\CloudGen.cpp(52,36): warning C4244:         with
C:\Users\KGA\source\repos\Timber\SFML Template\CloudGen.cpp(52,36): warning C4244:         [
C:\Users\KGA\source\repos\Timber\SFML Template\CloudGen.cpp(52,36): warning C4244:             _Ty=float
C:\Users\KGA\source\repos\Timber\SFML Template\CloudGen.cpp(52,36): warning C4244:         ]
C:\Users\KGA\source\repos\Timber\SFML Template\CloudGen.cpp(60,14): warning C4267: '초기화 중': 'size_t'에서 'int'(으)로 변환하면서 데이터가 손실될 수 있습니다.
C:\Users\KGA\source\repos\Timber\SFML Template\CloudGen.cpp(94,26): warning C4267: 'return': 'size_t'에서 'int'(으)로 변환하면서 데이터가 손실될 수 있습니다.
C:\Users\KGA\source\repos\Timber\SFML Template\CloudGen.cpp(100,14): warning C4267: '초기화 중': 'size_t'에서 'int'(으)로 변환하면서 데이터가 손실될 수 있습니다.
C:\Users\KGA\source\repos\Timber\SFML Template\CloudGen.cpp(120,45): warning C4244: '인수': 'int'에서 'float'(으)로 변환하면서 데이터가 손실될 수 있습니다.
C:\Users\KGA\source\repos\Timber\SFML Template\CloudGen.cpp(157,14): warning C4267: '초기화 중': 'size_t'에서 'int'(으)로 변환하면서 데이터가 손실될 수 있습니다.
  SFML Template.cpp
C:\Users\KGA\source\repos\Timber\SFML Template\SFML Template.cpp(15,12): warning C4244: '인수': 'time_t'에서 'unsigned int'(으)로 변환하면서 데이터가 손실될 수 있습니다.
C:\Users\KGA\source\repos\Timber\SFML Template\SFML Template.cpp(59,44): warning C4244: '=': 'T'에서 'T'(으)로 변환하면서 데이터가 손실될 수 있습니다.
C:\Users\KGA\source\repos\Timber\SFML Template\SFML Template.cpp(59,44): warning C4244:         with
C:\Users\KGA\source\repos\Timber\SFML Template\SFML Template.cpp(59,44): warning C4244:         [
C:\Users\KGA\source\repos\Timber\SFML Template\SFML Template.cpp(59,44): warning C4244:             T=unsigned int
C:\Users\KGA\source\repos\Timber\SFML Template\SFML Template.cpp(59,44): warning C4244:         ]
C:\Users\KGA\source\repos\Timber\SFML Template\SFML Template.cpp(59,44): warning C4244:         and
C:\Users\KGA\source\repos\Timber\SFML Template\SFML Template.cpp(59,44): warning C4244:         [
C:\Users\KGA\source\repos\Timber\SFML Template\SFML Template.cpp(59,44): warning C4244:             T=float
C:\Users\KGA\source\repos\Timber\SFML Template\SFML Template.cpp(59,44): warning C4244:         ]
C:\Users\KGA\source\repos\Timber\SFML Template\SFML Template.cpp(61,44): warning C4244: '=': 'T'에서 'T'(으)로 변환하면서 데이터가 손실될 수 있습니다.
C:\Users\KGA\source\repos\Timber\SFML Template\SFML Template.cpp(61,44): warning C4244:         with
C:\Users\KGA\source\repos\Timber\SFML Template\SFML Template.cpp(61,44): warning C4244:         [
C:\Users\KGA\source\repos\Timber\SFML Template\SFML Template.cpp(61,44): warning C4244:             T=unsigned int
C:\Users\KGA\source\repos\Timber\SFML Template\SFML Template.cpp(61,44): warning C4244:         ]
C:\Users\KGA\source\repos\Timber\SFML Template\SFML Template.cpp(61,44): warning C4244:         and
C:\Users\KGA\source\repos\Timber\SFML Template\SFML Template.cpp(61,44): warning C4244:         [
C:\Users\KGA\source\repos\Timber\SFML Template\SFML Template.cpp(61,44): warning C4244:             T=float
C:\Users\KGA\source\repos\Timber\SFML Template\SFML Template.cpp(61,44): warning C4244:         ]
  코드를 생성하고 있습니다...
  SFML Template.vcxproj -> C:\Users\KGA\source\repos\Timber\SFML Template Bin\SFML Template-d.exe
